[1][INFO ] 2022-06-21_11_20_16.535 : Project Name        : PetStore
[3][INFO ] 2022-06-21_11_20_16.625 : Test Environment    : http://localhost:8080/api/v3
[5][INFO ] 2022-06-21_11_20_16.626 : Executed on OS      : Linux
[7][INFO ] 2022-06-21_11_20_16.626 : Executed By         : likhithanr
[9][INFO ] 2022-06-21_11_20_16.651 : **************Script Add a new pet to the store (POST) started***********
[11][INFO ] 2022-06-21_11_20_16.651 : Setting up configurations
[13][INFO ] 2022-06-21_11_20_17.033 : ***************************Test case started********************
[15][INFO ] 2022-06-21_11_20_17.035 : TestCase 1 : Test case to validate successful pet creation 
[17][INFO ] 2022-06-21_11_20_17.594 : Response : {"id":111,"category":{"id":1,"name":"Dogs"},"name":"Beagal","photoUrls":["url1"],"tags":[{"id":1,"name":"tag1"}],"status":"available"}
[19][INFO ] 2022-06-21_11_20_17.594 : Status Code : 200
[21][INFO ] 2022-06-21_11_20_18.046 : Beagal : Pet created
[23][INFO ] 2022-06-21_11_20_18.047 : testCreatePet : PASSED
[25][INFO ] 2022-06-21_11_20_18.049 : ***************************Test case started********************
[27][INFO ] 2022-06-21_11_20_18.050 : TestCase 2: Test case to validate bad request when request sent without mandatory field
[29][ERROR] 2022-06-21_11_20_18.460 : Failed due to java.lang.AssertionError: expected [true] but found [false]
[31][INFO ] 2022-06-21_11_20_18.460 : testCreatePetwWithoutMandatoryParams : PASSED
[33][INFO ] 2022-06-21_11_20_18.461 : ***************************Test case started********************
[35][INFO ] 2022-06-21_11_20_18.461 : TestCase 3: Test case to validate error response when invalid request method used
[37][INFO ] 2022-06-21_11_20_18.488 : 405 : Bad Request status code
[39][INFO ] 2022-06-21_11_20_18.498 : HTTP 405 Method Not Allowed : Invalid Value
[41][INFO ] 2022-06-21_11_20_18.499 : testCreatePetWithInvalidRequestMethod : PASSED
[43][INFO ] 2022-06-21_11_20_18.499 : ***************************Test case started********************
[45][INFO ] 2022-06-21_11_20_18.500 : TestCase 4: Test case to validate ID param with Inavalid data types
[47][INFO ] 2022-06-21_11_20_18.559 : {"photoUrls":["url1"],"name":"Beagal","id":"abc","category":{"name":"Dogs","id":1},"tags":[{"name":"tag1","id":1}],"status":"available"}
[49][INFO ] 2022-06-21_11_20_18.577 : 400 : Bad Request status code
[51][INFO ] 2022-06-21_11_20_18.583 : Input error: unable to convert input to io.swagger.petstore.model.Pet : Invalid Value
[53][INFO ] 2022-06-21_11_20_18.584 : testCreatePetWithInvalidDataType_Id : PASSED
[55][INFO ] 2022-06-21_11_20_18.584 : ***************************Test case started********************
[57][INFO ] 2022-06-21_11_20_18.585 : TestCase 5: Test case to validate Name param with Inavalid data types
[59][ERROR] 2022-06-21_11_20_18.599 : Failed due to java.lang.AssertionError: expected [true] but found [false]
[61][INFO ] 2022-06-21_11_20_18.599 : testCreatePetWithInvalidDataType_name : PASSED
[63][INFO ] 2022-06-21_11_20_18.601 : **************Script Update existing pet (POST) started***********
[65][INFO ] 2022-06-21_11_20_18.602 : Setting up configurations
[67][INFO ] 2022-06-21_11_20_18.604 : ***************************Test case started********************
[69][INFO ] 2022-06-21_11_20_18.605 : TestCase 1 : Test case to validate updating pet by id with valid name and status
[71][INFO ] 2022-06-21_11_20_18.646 : Response : {"id":111,"category":{"id":1,"name":"Dogs"},"name":"Retriever","photoUrls":["url1"],"tags":[{"id":1,"name":"tag1"}],"status":"sold"}
[73][INFO ] 2022-06-21_11_20_18.646 : Status Code : 200
[75][INFO ] 2022-06-21_11_20_18.679 : old pet name Beagal is successfully updated with new name as : Retriever
[77][INFO ] 2022-06-21_11_20_18.689 : old pet status available is successfully updated with new status as : sold
[79][INFO ] 2022-06-21_11_20_18.719 : testUpdatePetById : PASSED
[81][INFO ] 2022-06-21_11_20_18.720 : ***************************Test case started********************
[83][INFO ] 2022-06-21_11_20_18.721 : TestCase 2 : Test case to udpate invalid pet with name and status 
[85][INFO ] 2022-06-21_11_20_18.734 : Response : Pet not found
[87][INFO ] 2022-06-21_11_20_18.735 : Status Code : 404
[89][INFO ] 2022-06-21_11_20_18.736 : testUpdatePetByInvalidId : PASSED
[91][INFO ] 2022-06-21_11_20_18.736 : **************Script Create new order (POST)  started***********
[93][INFO ] 2022-06-21_11_20_18.737 : Setting up configurations
[95][INFO ] 2022-06-21_11_20_18.738 : ***************************Test case started********************
[97][INFO ] 2022-06-21_11_20_18.738 : TestCase 1 : Test case toValidate pet order creation 
[99][INFO ] 2022-06-21_11_20_18.749 : Response : {"id":10,"petId":198772,"quantity":7,"shipDate":"2022-06-15T07:32:26.094+00:00","status":"approved","com.plete":true}
[101][INFO ] 2022-06-21_11_20_18.750 : Status Code : 200
[103][INFO ] 2022-06-21_11_20_18.767 : Order created for the pet id : 198772 with quantity : 7
[105][INFO ] 2022-06-21_11_20_18.768 : testCreatePetOrder : PASSED
[107][INFO ] 2022-06-21_11_20_18.770 : ***************************Test case started********************
[109][INFO ] 2022-06-21_11_20_18.771 : TestCase 2 : Test case to validate order creation with placed status 
[111][INFO ] 2022-06-21_11_20_18.789 : Response : {"id":10,"petId":198772,"quantity":7,"shipDate":"2022-06-15T07:32:26.094+00:00","status":"placed","com.plete":true}
[113][INFO ] 2022-06-21_11_20_18.789 : Status Code : 200
[115][INFO ] 2022-06-21_11_20_18.811 : Order created for the pet id : 198772 with status : placed
[117][INFO ] 2022-06-21_11_20_18.832 : order succesfully created with id : 10 and with status as : placed
[119][INFO ] 2022-06-21_11_20_18.833 : testCreatePlacedPetOrder : PASSED
[121][INFO ] 2022-06-21_11_20_18.833 : ***************************Test case started********************
[123][INFO ] 2022-06-21_11_20_18.834 : TestCase 3 : Test case to validate order creation with delivered status 
[125][INFO ] 2022-06-21_11_20_18.852 : Response : {"id":10,"petId":198772,"quantity":7,"shipDate":"2022-06-15T07:32:26.094+00:00","status":"delivered","com.plete":true}
[127][INFO ] 2022-06-21_11_20_18.852 : Status Code : 200
[129][INFO ] 2022-06-21_11_20_18.879 : Order created for the pet id : 198772 with status : delivered
[131][INFO ] 2022-06-21_11_20_18.906 : order succesfully created with id : 10 and with status as : delivered
[133][INFO ] 2022-06-21_11_20_18.907 : testCreateDeliveredPetOrder : PASSED
[135][INFO ] 2022-06-21_11_20_18.907 : ***************************Test case started********************
[137][INFO ] 2022-06-21_11_20_18.908 : TestCase 4 : Test case to validate order creation with invalid status 
[139][INFO ] 2022-06-21_11_20_18.918 : Response : {"id":10,"petId":198772,"quantity":7,"shipDate":"2022-06-15T07:32:26.094+00:00","status":"pending","com.plete":true}
[141][INFO ] 2022-06-21_11_20_18.918 : Status Code : 200
[143][ERROR] 2022-06-21_11_20_18.918 : Failed due to java.lang.AssertionError: expected [true] but found [false]
[145][INFO ] 2022-06-21_11_20_18.919 : testCreateOrderWithInvalidStatus : PASSED
[147][INFO ] 2022-06-21_11_20_18.919 : **************Script Delete existing order (DELETE)  started***********
[149][INFO ] 2022-06-21_11_20_18.920 : Setting up configurations
[151][INFO ] 2022-06-21_11_20_18.921 : ***************************Test case started********************
[153][INFO ] 2022-06-21_11_20_18.921 : TestCase 1 : Test case to validate deleting order from store with valid id 
[155][INFO ] 2022-06-21_11_20_18.950 : Pet created sucesfully with id : 10
[157][INFO ] 2022-06-21_11_20_18.959 : Retrieved order succesfully for the id : 10
[159][INFO ] 2022-06-21_11_20_18.969 : Response : 
[161][INFO ] 2022-06-21_11_20_18.969 : Status Code : 200
[163][INFO ] 2022-06-21_11_20_18.970 : Order deleted succesfully for the id : 10
[165][INFO ] 2022-06-21_11_20_18.979 : Order does not exist for deleted id :  10 says Order not found
[167][INFO ] 2022-06-21_11_20_18.979 : testDeleteOrderByValidId : PASSED
[169][INFO ] 2022-06-21_11_20_18.980 : ***************************Test case started********************
[171][INFO ] 2022-06-21_11_20_18.980 : TestCase 2 : Test case to validate deleting order from store with invalid id 
[173][INFO ] 2022-06-21_11_20_18.999 : Status Code : 200
[175][ERROR] 2022-06-21_11_20_19.000 : Failed due to java.lang.AssertionError: expected [true] but found [false]
[177][INFO ] 2022-06-21_11_20_19.000 : testDeleteOrderByInValidId : PASSED
[179][INFO ] 2022-06-21_11_20_19.001 : **************Script Get existing orders (GET) started***********
[181][INFO ] 2022-06-21_11_20_19.001 : Setting up configurations
[183][INFO ] 2022-06-21_11_20_19.002 : ***************************Test case started********************
[185][INFO ] 2022-06-21_11_20_19.002 : TestCase 1 : Test case to validate get order by invalid id 
[187][INFO ] 2022-06-21_11_20_19.018 : Pet created sucesfully with id : 10
[189][INFO ] 2022-06-21_11_20_19.028 : Response : Order not found
[191][INFO ] 2022-06-21_11_20_19.028 : Status Code : 404
[193][INFO ] 2022-06-21_11_20_19.028 : Order does not exist for the id :  121 says Order not found
[195][INFO ] 2022-06-21_11_20_19.029 : testGetOrderByInvalidId : PASSED
[197][INFO ] 2022-06-21_11_20_19.029 : **************Script Delete a pet (DELETE) started***********
[199][INFO ] 2022-06-21_11_20_19.030 : Setting up configurations
[201][INFO ] 2022-06-21_11_20_19.030 : ***************************Test case started********************
[203][INFO ] 2022-06-21_11_20_19.031 : TestCase 1 : Test case to validate pet deletion by valid id
[205][INFO ] 2022-06-21_11_20_19.058 : Pet delete response : Pet deleted
[207][INFO ] 2022-06-21_11_20_19.065 : Get response for deleted Pet : Pet not found
[209][INFO ] 2022-06-21_11_20_19.066 : testDeletePetByValidId : PASSED
[211][INFO ] 2022-06-21_11_20_19.066 : ***************************Test case started********************
[213][INFO ] 2022-06-21_11_20_19.074 : Pet delete response : Pet deleted
[215][ERROR] 2022-06-21_11_20_19.075 : Failed due to java.lang.AssertionError: expected [true] but found [false]
[217][INFO ] 2022-06-21_11_20_19.075 : testDeletePetByInvalidId : PASSED
[219][INFO ] 2022-06-21_11_20_19.076 : **************Script Find pets by status (GET) started***********
[221][INFO ] 2022-06-21_11_20_19.076 : Setting up configurations
[223][INFO ] 2022-06-21_11_20_19.077 : ***************************Test case started********************
[225][INFO ] 2022-06-21_11_20_19.077 : TestCase 1 : Test case to retrieve valid Pet by available status
[227][INFO ] 2022-06-21_11_20_19.084 : Response : [{"id":1,"category":{"id":2,"name":"Cats"},"name":"Cat 1","photoUrls":["url1","url2"],"tags":[{"id":1,"name":"tag1"},{"id":2,"name":"tag2"}],"status":"available"},{"id":2,"category":{"id":2,"name":"Cats"},"name":"Cat 2","photoUrls":["url1","url2"],"tags":[{"id":1,"name":"tag2"},{"id":2,"name":"tag3"}],"status":"available"},{"id":4,"category":{"id":1,"name":"Dogs"},"name":"Dog 1","photoUrls":["url1","url2"],"tags":[{"id":1,"name":"tag1"},{"id":2,"name":"tag2"}],"status":"available"},{"id":7,"category":{"id":4,"name":"Lions"},"name":"Lion 1","photoUrls":["url1","url2"],"tags":[{"id":1,"name":"tag1"},{"id":2,"name":"tag2"}],"status":"available"},{"id":8,"category":{"id":4,"name":"Lions"},"name":"Lion 2","photoUrls":["url1","url2"],"tags":[{"id":1,"name":"tag2"},{"id":2,"name":"tag3"}],"status":"available"},{"id":9,"category":{"id":4,"name":"Lions"},"name":"Lion 3","photoUrls":["url1","url2"],"tags":[{"id":1,"name":"tag3"},{"id":2,"name":"tag4"}],"status":"available"},{"id":10,"category":{"id":3,"name":"Rabbits"},"name":"Rabbit 1","photoUrls":["url1","url2"],"tags":[{"id":1,"name":"tag3"},{"id":2,"name":"tag4"}],"status":"available"}]
[229][INFO ] 2022-06-21_11_20_19.085 : Status Code : 200
[231][INFO ] 2022-06-21_11_20_19.113 : Pet status : [available, available, available, available, available, available, available]
[233][INFO ] 2022-06-21_11_20_19.113 : testGetPetByAvailableStatus : PASSED
[235][INFO ] 2022-06-21_11_20_19.114 : ***************************Test case started********************
[237][INFO ] 2022-06-21_11_20_19.114 : TestCase 2 : Test case to retrieve valid Pet by pending status
[239][INFO ] 2022-06-21_11_20_19.124 : Response : [{"id":3,"category":{"id":2,"name":"Cats"},"name":"Cat 3","photoUrls":["url1","url2"],"tags":[{"id":1,"name":"tag3"},{"id":2,"name":"tag4"}],"status":"pending"},{"id":6,"category":{"id":1,"name":"Dogs"},"name":"Dog 3","photoUrls":["url1","url2"],"tags":[{"id":1,"name":"tag3"},{"id":2,"name":"tag4"}],"status":"pending"}]
[241][INFO ] 2022-06-21_11_20_19.124 : Status Code : 200
[243][INFO ] 2022-06-21_11_20_19.148 : Pet status : [pending, pending]
[245][INFO ] 2022-06-21_11_20_19.148 : testValidPetByPendingStatus : PASSED
[247][INFO ] 2022-06-21_11_20_19.149 : ***************************Test case started********************
[249][INFO ] 2022-06-21_11_20_19.149 : TestCase 3: Test case to retrieve valid Pet by sold status
[251][INFO ] 2022-06-21_11_20_19.159 : Response : [{"id":5,"category":{"id":1,"name":"Dogs"},"name":"Dog 2","photoUrls":["url1","url2"],"tags":[{"id":1,"name":"tag2"},{"id":2,"name":"tag3"}],"status":"sold"}]
[253][INFO ] 2022-06-21_11_20_19.159 : Status Code : 200
[255][INFO ] 2022-06-21_11_20_19.182 : Pet status : [sold]
[257][INFO ] 2022-06-21_11_20_19.183 : testValidPetBySoldStatus : PASSED
[259][INFO ] 2022-06-21_11_20_19.183 : ***************************Test case started********************
[261][INFO ] 2022-06-21_11_20_19.184 : TestCase 4 : Test case to validate find pet by invalid status
[263][INFO ] 2022-06-21_11_20_19.192 : Response : {"code":400,"message":"Input error: query parameter `status value `Deleted` is not in the allowable values `[available, pending, sold]`"}
[265][INFO ] 2022-06-21_11_20_19.192 : Status Code : 400
[267][INFO ] 2022-06-21_11_20_19.198 : Inavlid status value : Input error: query parameter `status value `Deleted` is not in the allowable values `[available, pending, sold]`
[269][INFO ] 2022-06-21_11_20_19.199 : testGetPetByInvalidStatus : PASSED
[271][INFO ] 2022-06-21_11_20_19.199 : **************Script Delete existing user (DELETE)  started***********
[273][INFO ] 2022-06-21_11_20_19.200 : Setting up configurations
[275][INFO ] 2022-06-21_11_20_19.234 : User succesfully logged in
[277][INFO ] 2022-06-21_11_20_19.235 : ***************************Test case started********************
[279][INFO ] 2022-06-21_11_20_19.235 : TestCase 1 : Test case to validate  user deletion with valid name
[281][INFO ] 2022-06-21_11_20_19.278 : Succesfully retrieved user details
[283][INFO ] 2022-06-21_11_20_19.284 : Succesfully deleted the user with status code : 200
[285][INFO ] 2022-06-21_11_20_19.284 : User John deleted succesfully with message : 
[287][INFO ] 2022-06-21_11_20_19.285 : testDeleteUserWithValidName : PASSED
[289][INFO ] 2022-06-21_11_20_19.285 : ***************************Test case started********************
[291][INFO ] 2022-06-21_11_20_19.286 : TestCase 2 : Test case to validate user deletion with invalid name
[293][ERROR] 2022-06-21_11_20_19.292 : Failed due to java.lang.AssertionError: expected [true] but found [false]
[295][INFO ] 2022-06-21_11_20_19.293 : testDeleteUserWithInValidName : PASSED
[297][INFO ] 2022-06-21_11_20_19.293 : **************Script  User login-logout (GET) started***********
[299][INFO ] 2022-06-21_11_20_19.294 : Setting up configurations
[301][INFO ] 2022-06-21_11_20_19.294 : ***************************Test case started********************
[303][INFO ] 2022-06-21_11_20_19.294 : TestCase 1 : Test case to Validate user login 
[305][INFO ] 2022-06-21_11_20_19.326 : User succesfully logged in
[307][INFO ] 2022-06-21_11_20_19.326 : Response : Logged in user session: 6660481227450472448
[309][INFO ] 2022-06-21_11_20_19.327 : Status Code : 200
[311][INFO ] 2022-06-21_11_20_19.327 : testUserLogin : PASSED
[313][INFO ] 2022-06-21_11_20_19.328 : ***************************Test case started********************
[315][INFO ] 2022-06-21_11_20_19.328 : TestCase 2 : Test case to Validate error message when only user name is passed
[317][INFO ] 2022-06-21_11_20_19.369 : User succesfully logged in
[319][ERROR] 2022-06-21_11_20_19.370 : Failed due to java.lang.AssertionError: expected [true] but found [false]
[321][INFO ] 2022-06-21_11_20_19.370 : testUserLoginwithOnlyUserName : PASSED
[323][INFO ] 2022-06-21_11_20_19.371 : ***************************Test case started********************
[325][INFO ] 2022-06-21_11_20_19.371 : TestCase 3 : Test case to Validate error message when only password is passed
[327][INFO ] 2022-06-21_11_20_19.400 : User succesfully logged in
[329][ERROR] 2022-06-21_11_20_19.400 : Failed due to java.lang.AssertionError: expected [true] but found [false]
[331][INFO ] 2022-06-21_11_20_19.400 : testUserLoginwithOnlyPassword : PASSED
[333][INFO ] 2022-06-21_11_20_19.401 : ***************************Test case started********************
[335][INFO ] 2022-06-21_11_20_19.401 : TestCase 4 : Test case to Validate succesfull logout
[337][INFO ] 2022-06-21_11_20_19.407 : User succesfully logged out
[339][INFO ] 2022-06-21_11_20_19.407 : Response : User logged out
[341][INFO ] 2022-06-21_11_20_19.407 : Status Code : 200
[343][INFO ] 2022-06-21_11_20_19.407 : testUserLogout : PASSED
[345][INFO ] 2022-06-21_11_20_19.408 : **************Script Update existing user (PUT) started***********
[347][INFO ] 2022-06-21_11_20_19.408 : Setting up configurations
[349][INFO ] 2022-06-21_11_20_19.433 : User succesfully logged in
[351][INFO ] 2022-06-21_11_20_19.434 : ***************************Test case started********************
[353][INFO ] 2022-06-21_11_20_19.435 : TestCase 1 : Test case to validate update user with valid name
[355][INFO ] 2022-06-21_11_20_19.500 : Get user response : {"id":22,"username":"John","firstName":"Tom","lastName":"bel","email":"tom@gmail.com.","password":"test1","phone":"123456789","userStatus":1}
[357][INFO ] 2022-06-21_11_20_19.515 : Get user response : {"id":22,"username":"John","firstName":"Tom","lastName":"bel","email":"tom@gmail.com.","password":"test1","phone":"123456789","userStatus":1}
[359][INFO ] 2022-06-21_11_20_19.515 : Succesfully retrieved user details
[361][INFO ] 2022-06-21_11_20_19.516 : testUpdateUserWithValidName : PASSED
[363][INFO ] 2022-06-21_11_20_19.516 : ***************************Test case started********************
[365][INFO ] 2022-06-21_11_20_19.517 : TestCase 2 : Test case to valdiate update user with invalid user name
[367][INFO ] 2022-06-21_11_20_19.524 : response : User not found
[369][INFO ] 2022-06-21_11_20_19.525 : testUpdateUserWIthInvalidUserName : PASSED
[371][INFO ] 2022-06-21_11_20_19.526 : **************Script Create new user (POST) started***********
[373][INFO ] 2022-06-21_11_20_19.526 : Setting up configurations
[375][INFO ] 2022-06-21_11_20_19.552 : User succesfully logged in
[377][INFO ] 2022-06-21_11_20_19.553 : ***************************Test case started********************
[379][INFO ] 2022-06-21_11_20_19.553 : TestCase 1 : Test case to validate single user creation
[381][INFO ] 2022-06-21_11_20_19.563 : Created user response : {"id":10,"username":"John","firstName":"John","lastName":"James","email":"john@email.com.","password":"12345","phone":"12345","userStatus":1}
[383][INFO ] 2022-06-21_11_20_19.563 : User succesfully created with status code : 200
[385][INFO ] 2022-06-21_11_20_19.563 : Created user response : {"id":10,"username":"John","firstName":"John","lastName":"James","email":"john@email.com.","password":"12345","phone":"12345","userStatus":1}
[387][INFO ] 2022-06-21_11_20_19.571 : username : John
[389][INFO ] 2022-06-21_11_20_19.587 : Get user response : {"id":10,"username":"John","firstName":"John","lastName":"James","email":"john@email.com.","password":"12345","phone":"12345","userStatus":1}
[391][INFO ] 2022-06-21_11_20_19.587 : Succesfully retrieved user details
[393][INFO ] 2022-06-21_11_20_19.587 : testSingleUserCreation : PASSED
[395][INFO ] 2022-06-21_11_20_19.588 : ***************************Test case started********************
[397][INFO ] 2022-06-21_11_20_19.589 : TestCase 2 : Test case to validate multiple user creation
[399][INFO ] 2022-06-21_11_20_19.632 : Created list of users  : [{"id":10,"username":"John","firstName":"John","lastName":"James","email":"john@email.com.","password":"12345","phone":"12345","userStatus":1},{"id":10,"username":"John","firstName":"John","lastName":"James","email":"john@email.com.","password":"12345","phone":"12345","userStatus":1}]
[401][INFO ] 2022-06-21_11_20_19.632 : User succesfully created with status code : 200
[403][INFO ] 2022-06-21_11_20_19.632 : testMultipleUserCreation : PASSED
[405][INFO ] 2022-06-21_11_20_19.633 : **************Script Find pets by tags (GET) started***********
[407][INFO ] 2022-06-21_11_20_19.634 : Setting up configurations
[409][INFO ] 2022-06-21_11_20_19.635 : ***************************Test case started********************
[411][INFO ] 2022-06-21_11_20_19.635 : TestCase 1 : Test case to retrieve valid Pet by tags
[413][INFO ] 2022-06-21_11_20_19.676 : Status Code : 200
[415][INFO ] 2022-06-21_11_20_19.682 : Pet tags : [[own]]
[417][INFO ] 2022-06-21_11_20_19.689 : Expected filered tags pet are displaying : [{"id":111,"category":{"id":1,"name":"Dogs"},"name":"Beagal","photoUrls":["url1"],"tags":[{"id":111,"name":"own"}],"status":"available"}]
[419][INFO ] 2022-06-21_11_20_19.689 : testGetPetByValidTag : PASSED
[421][INFO ] 2022-06-21_11_20_19.690 : ***************************Test case started********************
[423][INFO ] 2022-06-21_11_20_19.690 : TestCase 2 : Test case to retrieve pet by invalid tags
[425][INFO ] 2022-06-21_11_20_19.730 : Status Code : 200
[427][INFO ] 2022-06-21_11_20_19.731 : There is no pet available for the tag : true
[429][INFO ] 2022-06-21_11_20_19.731 : Expected empty tag array is displaying : []
[431][INFO ] 2022-06-21_11_20_19.731 : tesGetPetByInvalidTags : PASSED
[433][INFO ] 2022-06-21_11_20_19.731 : **************Script Update existing pet (PUT) started***********
[435][INFO ] 2022-06-21_11_20_19.732 : Setting up configurations
[437][INFO ] 2022-06-21_11_20_19.732 : ***************************Test case started********************
[439][INFO ] 2022-06-21_11_20_19.733 : TestCase 1 : Test case to validate pet updation by Id 
[441][INFO ] 2022-06-21_11_20_19.760 : Response : {"id":111,"category":{"id":1,"name":"Dogs"},"name":"Lab","photoUrls":["url1"],"tags":[{"id":1,"name":"tag1"}],"status":"available"}
[443][INFO ] 2022-06-21_11_20_19.761 : Status Code : 200
[445][INFO ] 2022-06-21_11_20_19.796 : Old name ---> Beagal and updated name-->: Lab : Pet updated succesfully for the ID : 111
[447][INFO ] 2022-06-21_11_20_19.796 : testUpdatePetById : PASSED
[449][INFO ] 2022-06-21_11_20_19.796 : ***************************Test case started********************
[451][INFO ] 2022-06-21_11_20_19.797 : TestCase 2 : Test case to validate unsuccesful Pet updation by invalid id
[453][INFO ] 2022-06-21_11_20_19.821 : Response : Pet not found
[455][INFO ] 2022-06-21_11_20_19.821 : Status Code : 404
[457][INFO ] 2022-06-21_11_20_19.835 : Old name ---> Beagal and updated name-->: Beagal : Pet not updated as invalid ID Passed: 
[459][INFO ] 2022-06-21_11_20_19.835 : testUpdatePetByInvaidId : PASSED
[461][INFO ] 2022-06-21_11_20_19.836 : **************Script Upload pet image (POST) started***********
[463][INFO ] 2022-06-21_11_20_19.836 : Setting up configurations
[465][INFO ] 2022-06-21_11_20_19.837 : ***************************Test case started********************
[467][INFO ] 2022-06-21_11_20_19.837 : TestCase 1 : Test case to validate pet image uploading
[469][INFO ] 2022-06-21_11_20_19.896 : 415 : Bad Request status code
[471][INFO ] 2022-06-21_11_20_19.901 : HTTP 415 Unsupported Media Type : Invalid Value
[473][ERROR] 2022-06-21_11_20_19.901 : Failed due to java.lang.AssertionError: expected [true] but found [false]
[475][INFO ] 2022-06-21_11_20_19.901 : testUploadingPetImage : PASSED
[477][INFO ] 2022-06-21_11_20_20.094 : ***********************************Test execution ended************************************

[479][INFO ] 2022-06-21_11_20_20.131 : Total Class        : 14
[481][INFO ] 2022-06-21_11_20_20.131 : Start Time         : Tue Jun 21 11:20:16 IST 2022
[483][INFO ] 2022-06-21_11_20_20.131 : Passed tests count : 35.0
[485][INFO ] 2022-06-21_11_20_20.131 : Failed tests count : 0.0
[487][INFO ] 2022-06-21_11_20_20.131 : Skipped tests count: 0
[489][INFO ] 2022-06-21_11_20_20.131 : Pass percentage    : 100.0%
[491][INFO ] 2022-06-21_11_20_20.131 : Fail percentage    : 0.0%
[493][INFO ] 2022-06-21_11_20_20.131 : End Time           : Tue Jun 21 11:20:19 IST 2022
