[1][INFO ] 2022-06-17 23:12:12.969 : Project Name        : PetStore
[3][INFO ] 2022-06-17 23:12:13.043 : Test Environment    : http://localhost:8080/api/v3
[5][INFO ] 2022-06-17 23:12:13.043 : Executed on OS      : Linux
[7][INFO ] 2022-06-17 23:12:13.043 : Executed By         : likhithanr
[9][INFO ] 2022-06-17 23:12:13.060 : **************Script Add a new pet to the store (POST) started***********
[11][INFO ] 2022-06-17 23:12:13.061 : Setting up configurations
[13][INFO ] 2022-06-17 23:12:13.441 : ***************************Test case started********************
[15][INFO ] 2022-06-17 23:12:13.442 : TestCase 1 : Test case to validate successful pet creation 
[17][INFO ] 2022-06-17 23:12:14.129 : Response : {"id":111,"category":{"id":1,"name":"Dogs"},"name":"Beagal","photoUrls":["url1"],"tags":[{"id":1,"name":"tag1"}],"status":"available"}
[19][INFO ] 2022-06-17 23:12:14.129 : Status Code : 200
[21][INFO ] 2022-06-17 23:12:14.552 : Beagal : Pet created
[23][INFO ] 2022-06-17 23:12:14.554 : testCreatePet : PASSED
[25][INFO ] 2022-06-17 23:12:14.556 : ***************************Test case started********************
[27][INFO ] 2022-06-17 23:12:14.556 : TestCase 2: Test case to validate bad request when request sent without mandatory field
[29][ERROR] 2022-06-17 23:12:14.930 : Failed due to java.lang.AssertionError: expected [true] but found [false]
[31][INFO ] 2022-06-17 23:12:14.930 : testCreatePetwWithoutMandatoryParams : PASSED
[33][INFO ] 2022-06-17 23:12:14.931 : ***************************Test case started********************
[35][INFO ] 2022-06-17 23:12:14.931 : TestCase 3: Test case to validate error response when invalid request method used
[37][INFO ] 2022-06-17 23:12:14.971 : 405 : Bad Request status code
[39][INFO ] 2022-06-17 23:12:14.978 : HTTP 405 Method Not Allowed : Invalid Value
[41][INFO ] 2022-06-17 23:12:14.978 : testCreatePetWithInvalidRequestMethod : PASSED
[43][INFO ] 2022-06-17 23:12:14.979 : ***************************Test case started********************
[45][INFO ] 2022-06-17 23:12:14.980 : TestCase 4: Test case to validate ID param with Inavalid data types
[47][INFO ] 2022-06-17 23:12:15.047 : {"photoUrls":["url1"],"name":"Beagal","id":"abc","category":{"name":"Dogs","id":1},"tags":[{"name":"tag1","id":1}],"status":"available"}
[49][INFO ] 2022-06-17 23:12:15.070 : 400 : Bad Request status code
[51][INFO ] 2022-06-17 23:12:15.078 : Input error: unable to convert input to io.swagger.petstore.model.Pet : Invalid Value
[53][INFO ] 2022-06-17 23:12:15.079 : testCreatePetWithInvalidDataType_Id : PASSED
[55][INFO ] 2022-06-17 23:12:15.079 : ***************************Test case started********************
[57][INFO ] 2022-06-17 23:12:15.080 : TestCase 5: Test case to validate Name param with Inavalid data types
[59][ERROR] 2022-06-17 23:12:15.088 : Failed due to java.lang.AssertionError: expected [true] but found [false]
[61][INFO ] 2022-06-17 23:12:15.089 : testCreatePetWithInvalidDataType_name : PASSED
[63][INFO ] 2022-06-17 23:12:15.090 : **************Script Update existing pet (POST) started***********
[65][INFO ] 2022-06-17 23:12:15.091 : Setting up configurations
[67][INFO ] 2022-06-17 23:12:15.092 : ***************************Test case started********************
[69][INFO ] 2022-06-17 23:12:15.092 : TestCase 1 : Test case to validate updating pet by id with valid name and status
[71][INFO ] 2022-06-17 23:12:15.133 : Response : {"id":111,"category":{"id":1,"name":"Dogs"},"name":"Retriever","photoUrls":["url1"],"tags":[{"id":1,"name":"tag1"}],"status":"sold"}
[73][INFO ] 2022-06-17 23:12:15.134 : Status Code : 200
[75][INFO ] 2022-06-17 23:12:15.178 : old pet name Beagal is successfully updated with new name as : Retriever
[77][INFO ] 2022-06-17 23:12:15.194 : old pet status available is successfully updated with new status as : sold
[79][INFO ] 2022-06-17 23:12:15.238 : testUpdatePetById : PASSED
[81][INFO ] 2022-06-17 23:12:15.239 : ***************************Test case started********************
[83][INFO ] 2022-06-17 23:12:15.239 : TestCase 2 : Test case to udpate invalid pet with name and status 
[85][INFO ] 2022-06-17 23:12:15.253 : Response : Pet not found
[87][INFO ] 2022-06-17 23:12:15.253 : Status Code : 404
[89][INFO ] 2022-06-17 23:12:15.253 : testUpdatePetByInvalidId : PASSED
[91][INFO ] 2022-06-17 23:12:15.254 : **************Script Create new order (POST)  started***********
[93][INFO ] 2022-06-17 23:12:15.255 : Setting up configurations
[95][INFO ] 2022-06-17 23:12:15.257 : ***************************Test case started********************
[97][INFO ] 2022-06-17 23:12:15.257 : TestCase 1 : Test case toValidate pet order creation 
[99][INFO ] 2022-06-17 23:12:15.268 : Response : {"id":10,"petId":198772,"quantity":7,"shipDate":"2022-06-15T07:32:26.094+00:00","status":"approved","complete":true}
[101][INFO ] 2022-06-17 23:12:15.269 : Status Code : 200
[103][INFO ] 2022-06-17 23:12:15.288 : Order created for the pet id : 198772 with quantity : 7
[105][INFO ] 2022-06-17 23:12:15.289 : testCreatePetOrder : PASSED
[107][INFO ] 2022-06-17 23:12:15.290 : ***************************Test case started********************
[109][INFO ] 2022-06-17 23:12:15.290 : TestCase 2 : Test case to validate order creation with placed status 
[111][INFO ] 2022-06-17 23:12:15.306 : Response : {"id":10,"petId":198772,"quantity":7,"shipDate":"2022-06-15T07:32:26.094+00:00","status":"placed","complete":true}
[113][INFO ] 2022-06-17 23:12:15.307 : Status Code : 200
[115][INFO ] 2022-06-17 23:12:15.330 : Order created for the pet id : 198772 with status : placed
[117][INFO ] 2022-06-17 23:12:15.357 : order succesfully created with id : 10 and with status as : placed
[119][INFO ] 2022-06-17 23:12:15.358 : testCreatePlacedPetOrder : PASSED
[121][INFO ] 2022-06-17 23:12:15.358 : ***************************Test case started********************
[123][INFO ] 2022-06-17 23:12:15.359 : TestCase 3 : Test case to validate order creation with delivered status 
[125][INFO ] 2022-06-17 23:12:15.374 : Response : {"id":10,"petId":198772,"quantity":7,"shipDate":"2022-06-15T07:32:26.094+00:00","status":"delivered","complete":true}
[127][INFO ] 2022-06-17 23:12:15.374 : Status Code : 200
[129][INFO ] 2022-06-17 23:12:15.410 : Order created for the pet id : 198772 with status : delivered
[131][INFO ] 2022-06-17 23:12:15.461 : order succesfully created with id : 10 and with status as : delivered
[133][INFO ] 2022-06-17 23:12:15.462 : testCreateDeliveredPetOrder : PASSED
[135][INFO ] 2022-06-17 23:12:15.463 : ***************************Test case started********************
[137][INFO ] 2022-06-17 23:12:15.463 : TestCase 4 : Test case to validate order creation with invalid status 
[139][INFO ] 2022-06-17 23:12:15.471 : Response : {"id":10,"petId":198772,"quantity":7,"shipDate":"2022-06-15T07:32:26.094+00:00","status":"pending","complete":true}
[141][INFO ] 2022-06-17 23:12:15.472 : Status Code : 200
[143][ERROR] 2022-06-17 23:12:15.472 : Failed due to java.lang.AssertionError: expected [true] but found [false]
[145][INFO ] 2022-06-17 23:12:15.472 : testCreateOrderWithInvalidStatus : PASSED
[147][INFO ] 2022-06-17 23:12:15.472 : **************Script Delete existing order (DELETE)  started***********
[149][INFO ] 2022-06-17 23:12:15.473 : Setting up configurations
[151][INFO ] 2022-06-17 23:12:15.474 : ***************************Test case started********************
[153][INFO ] 2022-06-17 23:12:15.474 : TestCase 1 : Test case to validate deleting order from store with valid id 
[155][INFO ] 2022-06-17 23:12:15.500 : Pet created sucesfully with id : 10
[157][INFO ] 2022-06-17 23:12:15.507 : Retrieved order succesfully for the id : 10
[159][INFO ] 2022-06-17 23:12:15.513 : Response : 
[161][INFO ] 2022-06-17 23:12:15.513 : Status Code : 200
[163][INFO ] 2022-06-17 23:12:15.513 : Order deleted succesfully for the id : 10
[165][INFO ] 2022-06-17 23:12:15.520 : Order does not exist for deleted id :  10 says Order not found
[167][INFO ] 2022-06-17 23:12:15.521 : testDeleteOrderByValidId : PASSED
[169][INFO ] 2022-06-17 23:12:15.522 : ***************************Test case started********************
[171][INFO ] 2022-06-17 23:12:15.522 : TestCase 2 : Test case to validate deleting order from store with invalid id 
[173][INFO ] 2022-06-17 23:12:15.537 : Status Code : 200
[175][ERROR] 2022-06-17 23:12:15.537 : Failed due to java.lang.AssertionError: expected [true] but found [false]
[177][INFO ] 2022-06-17 23:12:15.538 : testDeleteOrderByInValidId : PASSED
[179][INFO ] 2022-06-17 23:12:15.538 : **************Script Get existing orders (GET) started***********
[181][INFO ] 2022-06-17 23:12:15.539 : Setting up configurations
[183][INFO ] 2022-06-17 23:12:15.540 : ***************************Test case started********************
[185][INFO ] 2022-06-17 23:12:15.540 : TestCase 1 : Test case to validate get order by invalid id 
[187][INFO ] 2022-06-17 23:12:15.555 : Pet created sucesfully with id : 10
[189][INFO ] 2022-06-17 23:12:15.562 : Response : Order not found
[191][INFO ] 2022-06-17 23:12:15.562 : Status Code : 404
[193][INFO ] 2022-06-17 23:12:15.562 : Order does not exist for the id :  121 says Order not found
[195][INFO ] 2022-06-17 23:12:15.562 : testGetOrderByInvalidId : PASSED
[197][INFO ] 2022-06-17 23:12:15.563 : **************Script Delete a pet (DELETE) started***********
[199][INFO ] 2022-06-17 23:12:15.563 : Setting up configurations
[201][INFO ] 2022-06-17 23:12:15.564 : ***************************Test case started********************
[203][INFO ] 2022-06-17 23:12:15.565 : TestCase 1 : Test case to validate pet deletion by valid id
[205][INFO ] 2022-06-17 23:12:15.586 : Pet delete response : Pet deleted
[207][INFO ] 2022-06-17 23:12:15.592 : Get response for deleted Pet : Pet not found
[209][INFO ] 2022-06-17 23:12:15.592 : testDeletePetByValidId : PASSED
[211][INFO ] 2022-06-17 23:12:15.593 : ***************************Test case started********************
[213][INFO ] 2022-06-17 23:12:15.602 : Pet delete response : Pet deleted
[215][ERROR] 2022-06-17 23:12:15.603 : Failed due to java.lang.AssertionError: expected [true] but found [false]
[217][INFO ] 2022-06-17 23:12:15.603 : testDeletePetByInvalidId : PASSED
[219][INFO ] 2022-06-17 23:12:15.603 : **************Script Find pets by status (GET) started***********
[221][INFO ] 2022-06-17 23:12:15.604 : Setting up configurations
[223][INFO ] 2022-06-17 23:12:15.605 : ***************************Test case started********************
[225][INFO ] 2022-06-17 23:12:15.605 : TestCase 1 : Test case to retrieve valid Pet by available status
[227][INFO ] 2022-06-17 23:12:15.620 : Response : [{"id":1,"category":{"id":2,"name":"Cats"},"name":"Cat 1","photoUrls":["url1","url2"],"tags":[{"id":1,"name":"tag1"},{"id":2,"name":"tag2"}],"status":"available"},{"id":2,"category":{"id":2,"name":"Cats"},"name":"Cat 2","photoUrls":["url1","url2"],"tags":[{"id":1,"name":"tag2"},{"id":2,"name":"tag3"}],"status":"available"},{"id":4,"category":{"id":1,"name":"Dogs"},"name":"Dog 1","photoUrls":["url1","url2"],"tags":[{"id":1,"name":"tag1"},{"id":2,"name":"tag2"}],"status":"available"},{"id":7,"category":{"id":4,"name":"Lions"},"name":"Lion 1","photoUrls":["url1","url2"],"tags":[{"id":1,"name":"tag1"},{"id":2,"name":"tag2"}],"status":"available"},{"id":8,"category":{"id":4,"name":"Lions"},"name":"Lion 2","photoUrls":["url1","url2"],"tags":[{"id":1,"name":"tag2"},{"id":2,"name":"tag3"}],"status":"available"},{"id":9,"category":{"id":4,"name":"Lions"},"name":"Lion 3","photoUrls":["url1","url2"],"tags":[{"id":1,"name":"tag3"},{"id":2,"name":"tag4"}],"status":"available"},{"id":10,"category":{"id":1,"name":"Dogs"},"name":"doggie","photoUrls":["string"],"tags":[{"id":0,"name":"string"}],"status":"available"}]
[229][INFO ] 2022-06-17 23:12:15.621 : Status Code : 200
[231][INFO ] 2022-06-17 23:12:15.656 : Pet status : [available, available, available, available, available, available, available]
[233][INFO ] 2022-06-17 23:12:15.657 : testGetPetByAvailableStatus : PASSED
[235][INFO ] 2022-06-17 23:12:15.657 : ***************************Test case started********************
[237][INFO ] 2022-06-17 23:12:15.658 : TestCase 2 : Test case to retrieve valid Pet by pending status
[239][INFO ] 2022-06-17 23:12:15.666 : Response : [{"id":3,"category":{"id":2,"name":"Cats"},"name":"Cat 3","photoUrls":["url1","url2"],"tags":[{"id":1,"name":"tag3"},{"id":2,"name":"tag4"}],"status":"pending"},{"id":6,"category":{"id":1,"name":"Dogs"},"name":"Dog 3","photoUrls":["url1","url2"],"tags":[{"id":1,"name":"tag3"},{"id":2,"name":"tag4"}],"status":"pending"}]
[241][INFO ] 2022-06-17 23:12:15.666 : Status Code : 200
[243][INFO ] 2022-06-17 23:12:15.686 : Pet status : [pending, pending]
[245][INFO ] 2022-06-17 23:12:15.687 : testValidPetByPendingStatus : PASSED
[247][INFO ] 2022-06-17 23:12:15.687 : ***************************Test case started********************
[249][INFO ] 2022-06-17 23:12:15.688 : TestCase 3: Test case to retrieve valid Pet by sold status
[251][INFO ] 2022-06-17 23:12:15.694 : Response : [{"id":5,"category":{"id":1,"name":"Dogs"},"name":"Dog 2","photoUrls":["url1","url2"],"tags":[{"id":1,"name":"tag2"},{"id":2,"name":"tag3"}],"status":"sold"}]
[253][INFO ] 2022-06-17 23:12:15.695 : Status Code : 200
[255][INFO ] 2022-06-17 23:12:15.718 : Pet status : [sold]
[257][INFO ] 2022-06-17 23:12:15.718 : testValidPetBySoldStatus : PASSED
[259][INFO ] 2022-06-17 23:12:15.719 : ***************************Test case started********************
[261][INFO ] 2022-06-17 23:12:15.719 : TestCase 4 : Test case to validate find pet by invalid status
[263][INFO ] 2022-06-17 23:12:15.727 : Response : {"code":400,"message":"Input error: query parameter `status value `Deleted` is not in the allowable values `[available, pending, sold]`"}
[265][INFO ] 2022-06-17 23:12:15.727 : Status Code : 400
[267][INFO ] 2022-06-17 23:12:15.735 : Inavlid status value : Input error: query parameter `status value `Deleted` is not in the allowable values `[available, pending, sold]`
[269][INFO ] 2022-06-17 23:12:15.735 : testGetPetByInvalidStatus : PASSED
[271][INFO ] 2022-06-17 23:12:15.736 : **************Script Delete existing user (DELETE)  started***********
[273][INFO ] 2022-06-17 23:12:15.737 : Setting up configurations
[275][INFO ] 2022-06-17 23:12:15.774 : User succesfully logged in
[277][INFO ] 2022-06-17 23:12:15.775 : ***************************Test case started********************
[279][INFO ] 2022-06-17 23:12:15.776 : TestCase 1 : Test case to validate  user deletion with valid name
[281][INFO ] 2022-06-17 23:12:15.806 : Succesfully retrieved user details
[283][INFO ] 2022-06-17 23:12:15.811 : Succesfully deleted the user with status code : 200
[285][INFO ] 2022-06-17 23:12:15.811 : User John deleted succesfully with message : 
[287][INFO ] 2022-06-17 23:12:15.811 : testDeleteUserWithValidName : PASSED
[289][INFO ] 2022-06-17 23:12:15.812 : ***************************Test case started********************
[291][INFO ] 2022-06-17 23:12:15.812 : TestCase 2 : Test case to validate user deletion with invalid name
[293][ERROR] 2022-06-17 23:12:15.818 : Failed due to java.lang.AssertionError: expected [true] but found [false]
[295][INFO ] 2022-06-17 23:12:15.819 : testDeleteUserWithInValidName : PASSED
[297][INFO ] 2022-06-17 23:12:15.819 : **************Script  User login-logout (GET) started***********
[299][INFO ] 2022-06-17 23:12:15.820 : Setting up configurations
[301][INFO ] 2022-06-17 23:12:15.820 : ***************************Test case started********************
[303][INFO ] 2022-06-17 23:12:15.820 : TestCase 1 : Test case to Validate user login 
[305][INFO ] 2022-06-17 23:12:15.853 : User succesfully logged in
[307][INFO ] 2022-06-17 23:12:15.854 : Response : Logged in user session: 558670892537277440
[309][INFO ] 2022-06-17 23:12:15.854 : Status Code : 200
[311][INFO ] 2022-06-17 23:12:15.855 : testUserLogin : PASSED
[313][INFO ] 2022-06-17 23:12:15.856 : ***************************Test case started********************
[315][INFO ] 2022-06-17 23:12:15.856 : TestCase 2 : Test case to Validate error message when only user name is passed
[317][INFO ] 2022-06-17 23:12:15.887 : User succesfully logged in
[319][ERROR] 2022-06-17 23:12:15.888 : Failed due to java.lang.AssertionError: expected [true] but found [false]
[321][INFO ] 2022-06-17 23:12:15.888 : testUserLoginwithOnlyUserName : PASSED
[323][INFO ] 2022-06-17 23:12:15.889 : ***************************Test case started********************
[325][INFO ] 2022-06-17 23:12:15.889 : TestCase 3 : Test case to Validate error message when only password is passed
[327][INFO ] 2022-06-17 23:12:15.918 : User succesfully logged in
[329][ERROR] 2022-06-17 23:12:15.918 : Failed due to java.lang.AssertionError: expected [true] but found [false]
[331][INFO ] 2022-06-17 23:12:15.918 : testUserLoginwithOnlyPassword : PASSED
[333][INFO ] 2022-06-17 23:12:15.919 : ***************************Test case started********************
[335][INFO ] 2022-06-17 23:12:15.919 : TestCase 4 : Test case to Validate succesfull logout
[337][INFO ] 2022-06-17 23:12:15.925 : User succesfully logged out
[339][INFO ] 2022-06-17 23:12:15.925 : Response : User logged out
[341][INFO ] 2022-06-17 23:12:15.925 : Status Code : 200
[343][INFO ] 2022-06-17 23:12:15.926 : testUserLogout : PASSED
[345][INFO ] 2022-06-17 23:12:15.926 : **************Script Update existing user (PUT) started***********
[347][INFO ] 2022-06-17 23:12:15.927 : Setting up configurations
[349][INFO ] 2022-06-17 23:12:15.952 : User succesfully logged in
[351][INFO ] 2022-06-17 23:12:15.952 : ***************************Test case started********************
[353][INFO ] 2022-06-17 23:12:15.953 : TestCase 1 : Test case to validate update user with valid name
[355][INFO ] 2022-06-17 23:12:16.013 : Get user response : {"id":22,"username":"John","firstName":"Tom","lastName":"bel","email":"tom@gmail.com","password":"test1","phone":"123456789","userStatus":1}
[357][INFO ] 2022-06-17 23:12:16.025 : Get user response : {"id":22,"username":"John","firstName":"Tom","lastName":"bel","email":"tom@gmail.com","password":"test1","phone":"123456789","userStatus":1}
[359][INFO ] 2022-06-17 23:12:16.026 : Succesfully retrieved user details
[361][INFO ] 2022-06-17 23:12:16.026 : testUpdateUserWithValidName : PASSED
[363][INFO ] 2022-06-17 23:12:16.027 : ***************************Test case started********************
[365][INFO ] 2022-06-17 23:12:16.027 : TestCase 2 : Test case to valdiate update user with invalid user name
[367][INFO ] 2022-06-17 23:12:16.033 : response : User not found
[369][INFO ] 2022-06-17 23:12:16.033 : testUpdateUserWIthInvalidUserName : PASSED
[371][INFO ] 2022-06-17 23:12:16.034 : **************Script Create new user (POST) started***********
[373][INFO ] 2022-06-17 23:12:16.035 : Setting up configurations
[375][INFO ] 2022-06-17 23:12:16.060 : User succesfully logged in
[377][INFO ] 2022-06-17 23:12:16.060 : ***************************Test case started********************
[379][INFO ] 2022-06-17 23:12:16.061 : TestCase 1 : Test case to validate single user creation
[381][INFO ] 2022-06-17 23:12:16.068 : Created user response : {"id":10,"username":"John","firstName":"John","lastName":"James","email":"john@email.com","password":"12345","phone":"12345","userStatus":1}
[383][INFO ] 2022-06-17 23:12:16.069 : User succesfully created with status code : 200
[385][INFO ] 2022-06-17 23:12:16.069 : Created user response : {"id":10,"username":"John","firstName":"John","lastName":"James","email":"john@email.com","password":"12345","phone":"12345","userStatus":1}
[387][INFO ] 2022-06-17 23:12:16.079 : username : John
[389][INFO ] 2022-06-17 23:12:16.095 : Get user response : {"id":10,"username":"John","firstName":"John","lastName":"James","email":"john@email.com","password":"12345","phone":"12345","userStatus":1}
[391][INFO ] 2022-06-17 23:12:16.096 : Succesfully retrieved user details
[393][INFO ] 2022-06-17 23:12:16.096 : testSingleUserCreation : PASSED
[395][INFO ] 2022-06-17 23:12:16.097 : ***************************Test case started********************
[397][INFO ] 2022-06-17 23:12:16.097 : TestCase 2 : Test case to validate multiple user creation
[399][INFO ] 2022-06-17 23:12:16.145 : Created list of users  : [{"id":10,"username":"John","firstName":"John","lastName":"James","email":"john@email.com","password":"12345","phone":"12345","userStatus":1},{"id":10,"username":"John","firstName":"John","lastName":"James","email":"john@email.com","password":"12345","phone":"12345","userStatus":1}]
[401][INFO ] 2022-06-17 23:12:16.145 : User succesfully created with status code : 200
[403][INFO ] 2022-06-17 23:12:16.145 : testMultipleUserCreation : PASSED
[405][INFO ] 2022-06-17 23:12:16.146 : **************Script Find pets by tags (GET) started***********
[407][INFO ] 2022-06-17 23:12:16.147 : Setting up configurations
[409][INFO ] 2022-06-17 23:12:16.148 : ***************************Test case started********************
[411][INFO ] 2022-06-17 23:12:16.148 : TestCase 1 : Test case to retrieve valid Pet by tags
[413][INFO ] 2022-06-17 23:12:16.190 : Status Code : 200
[415][INFO ] 2022-06-17 23:12:16.197 : Pet tags : [[own]]
[417][INFO ] 2022-06-17 23:12:16.204 : Expected filered tags pet are displaying : [{"id":111,"category":{"id":1,"name":"Dogs"},"name":"Beagal","photoUrls":["url1"],"tags":[{"id":111,"name":"own"}],"status":"available"}]
[419][INFO ] 2022-06-17 23:12:16.204 : testGetPetByValidTag : PASSED
[421][INFO ] 2022-06-17 23:12:16.205 : ***************************Test case started********************
[423][INFO ] 2022-06-17 23:12:16.206 : TestCase 2 : Test case to retrieve pet by invalid tags
[425][INFO ] 2022-06-17 23:12:16.261 : Status Code : 200
[427][INFO ] 2022-06-17 23:12:16.262 : There is no pet available for the tag : true
[429][INFO ] 2022-06-17 23:12:16.263 : Expected empty tag array is displaying : []
[431][INFO ] 2022-06-17 23:12:16.263 : tesGetPetByInvalidTags : PASSED
[433][INFO ] 2022-06-17 23:12:16.263 : **************Script Update existing pet (PUT) started***********
[435][INFO ] 2022-06-17 23:12:16.264 : Setting up configurations
[437][INFO ] 2022-06-17 23:12:16.264 : ***************************Test case started********************
[439][INFO ] 2022-06-17 23:12:16.264 : TestCase 1 : Test case to validate pet updation by Id 
[441][INFO ] 2022-06-17 23:12:16.296 : Response : {"id":111,"category":{"id":1,"name":"Dogs"},"name":"Lab","photoUrls":["url1"],"tags":[{"id":1,"name":"tag1"}],"status":"available"}
[443][INFO ] 2022-06-17 23:12:16.297 : Status Code : 200
[445][INFO ] 2022-06-17 23:12:16.341 : Old name ---> Beagal and updated name-->: Lab : Pet updated succesfully for the ID : 111
[447][INFO ] 2022-06-17 23:12:16.341 : testUpdatePetById : PASSED
[449][INFO ] 2022-06-17 23:12:16.342 : ***************************Test case started********************
[451][INFO ] 2022-06-17 23:12:16.342 : TestCase 2 : Test case to validate unsuccesful Pet updation by invalid id
[453][INFO ] 2022-06-17 23:12:16.366 : Response : Pet not found
[455][INFO ] 2022-06-17 23:12:16.366 : Status Code : 404
[457][INFO ] 2022-06-17 23:12:16.379 : Old name ---> Beagal and updated name-->: Beagal : Pet not updated as invalid ID Passed: 
[459][INFO ] 2022-06-17 23:12:16.380 : testUpdatePetByInvaidId : PASSED
[461][INFO ] 2022-06-17 23:12:16.380 : **************Script Upload pet image (POST) started***********
[463][INFO ] 2022-06-17 23:12:16.381 : Setting up configurations
[465][INFO ] 2022-06-17 23:12:16.381 : ***************************Test case started********************
[467][INFO ] 2022-06-17 23:12:16.382 : TestCase 1 : Test case to validate pet image uploading
[469][INFO ] 2022-06-17 23:12:16.438 : 415 : Bad Request status code
[471][INFO ] 2022-06-17 23:12:16.445 : HTTP 415 Unsupported Media Type : Invalid Value
[473][ERROR] 2022-06-17 23:12:16.445 : Failed due to java.lang.AssertionError: expected [true] but found [false]
[475][INFO ] 2022-06-17 23:12:16.445 : testUploadingPetImage : PASSED
[477][INFO ] 2022-06-17 23:12:16.676 : ***********************************Test execution ended************************************

[479][INFO ] 2022-06-17 23:12:16.727 : Total Class        : 14
[481][INFO ] 2022-06-17 23:12:16.727 : Start Time         : Fri Jun 17 23:12:12 IST 2022
[483][INFO ] 2022-06-17 23:12:16.727 : Passed tests count : 35.0
[485][INFO ] 2022-06-17 23:12:16.727 : Failed tests count : 0.0
[487][INFO ] 2022-06-17 23:12:16.727 : Skipped tests count: 0
[489][INFO ] 2022-06-17 23:12:16.727 : Pass percentage    : 100.0%
[491][INFO ] 2022-06-17 23:12:16.727 : Fail percentage    : 0.0%
[493][INFO ] 2022-06-17 23:12:16.727 : End Time           : Fri Jun 17 23:12:16 IST 2022
