[1][INFO ] 2022-06-17 23:28:58.899 : Project Name        : PetStore
[3][INFO ] 2022-06-17 23:28:58.970 : Test Environment    : http://localhost:8080/api/v3
[5][INFO ] 2022-06-17 23:28:58.970 : Executed on OS      : Linux
[7][INFO ] 2022-06-17 23:28:58.970 : Executed By         : likhithanr
[9][INFO ] 2022-06-17 23:28:58.991 : **************Script Add a new pet to the store (POST) started***********
[11][INFO ] 2022-06-17 23:28:58.992 : Setting up configurations
[13][INFO ] 2022-06-17 23:28:59.403 : ***************************Test case started********************
[15][INFO ] 2022-06-17 23:28:59.405 : TestCase 1 : Test case to validate successful pet creation 
[17][INFO ] 2022-06-17 23:29:00.019 : Response : {"id":111,"category":{"id":1,"name":"Dogs"},"name":"Beagal","photoUrls":["url1"],"tags":[{"id":1,"name":"tag1"}],"status":"available"}
[19][INFO ] 2022-06-17 23:29:00.019 : Status Code : 200
[21][INFO ] 2022-06-17 23:29:00.552 : Beagal : Pet created
[23][INFO ] 2022-06-17 23:29:00.554 : testCreatePet : PASSED
[25][INFO ] 2022-06-17 23:29:00.556 : ***************************Test case started********************
[27][INFO ] 2022-06-17 23:29:00.557 : TestCase 2: Test case to validate bad request when request sent without mandatory field
[29][ERROR] 2022-06-17 23:29:01.040 : Failed due to java.lang.AssertionError: expected [true] but found [false]
[31][INFO ] 2022-06-17 23:29:01.041 : testCreatePetwWithoutMandatoryParams : PASSED
[33][INFO ] 2022-06-17 23:29:01.042 : ***************************Test case started********************
[35][INFO ] 2022-06-17 23:29:01.042 : TestCase 3: Test case to validate error response when invalid request method used
[37][INFO ] 2022-06-17 23:29:01.079 : 405 : Bad Request status code
[39][INFO ] 2022-06-17 23:29:01.090 : HTTP 405 Method Not Allowed : Invalid Value
[41][INFO ] 2022-06-17 23:29:01.091 : testCreatePetWithInvalidRequestMethod : PASSED
[43][INFO ] 2022-06-17 23:29:01.092 : ***************************Test case started********************
[45][INFO ] 2022-06-17 23:29:01.092 : TestCase 4: Test case to validate ID param with Inavalid data types
[47][INFO ] 2022-06-17 23:29:01.158 : {"photoUrls":["url1"],"name":"Beagal","id":"abc","category":{"name":"Dogs","id":1},"tags":[{"name":"tag1","id":1}],"status":"available"}
[49][INFO ] 2022-06-17 23:29:01.183 : 400 : Bad Request status code
[51][INFO ] 2022-06-17 23:29:01.192 : Input error: unable to convert input to io.swagger.petstore.model.Pet : Invalid Value
[53][INFO ] 2022-06-17 23:29:01.192 : testCreatePetWithInvalidDataType_Id : PASSED
[55][INFO ] 2022-06-17 23:29:01.193 : ***************************Test case started********************
[57][INFO ] 2022-06-17 23:29:01.194 : TestCase 5: Test case to validate Name param with Inavalid data types
[59][ERROR] 2022-06-17 23:29:01.208 : Failed due to java.lang.AssertionError: expected [true] but found [false]
[61][INFO ] 2022-06-17 23:29:01.209 : testCreatePetWithInvalidDataType_name : PASSED
[63][INFO ] 2022-06-17 23:29:01.210 : **************Script Update existing pet (POST) started***********
[65][INFO ] 2022-06-17 23:29:01.211 : Setting up configurations
[67][INFO ] 2022-06-17 23:29:01.212 : ***************************Test case started********************
[69][INFO ] 2022-06-17 23:29:01.213 : TestCase 1 : Test case to validate updating pet by id with valid name and status
[71][INFO ] 2022-06-17 23:29:01.261 : Response : {"id":111,"category":{"id":1,"name":"Dogs"},"name":"Retriever","photoUrls":["url1"],"tags":[{"id":1,"name":"tag1"}],"status":"sold"}
[73][INFO ] 2022-06-17 23:29:01.262 : Status Code : 200
[75][INFO ] 2022-06-17 23:29:01.360 : old pet name Beagal is successfully updated with new name as : Retriever
[77][INFO ] 2022-06-17 23:29:01.389 : old pet status available is successfully updated with new status as : sold
[79][INFO ] 2022-06-17 23:29:01.446 : testUpdatePetById : PASSED
[81][INFO ] 2022-06-17 23:29:01.447 : ***************************Test case started********************
[83][INFO ] 2022-06-17 23:29:01.448 : TestCase 2 : Test case to udpate invalid pet with name and status 
[85][INFO ] 2022-06-17 23:29:01.459 : Response : Pet not found
[87][INFO ] 2022-06-17 23:29:01.460 : Status Code : 404
[89][INFO ] 2022-06-17 23:29:01.460 : testUpdatePetByInvalidId : PASSED
[91][INFO ] 2022-06-17 23:29:01.461 : **************Script Create new order (POST)  started***********
[93][INFO ] 2022-06-17 23:29:01.462 : Setting up configurations
[95][INFO ] 2022-06-17 23:29:01.463 : ***************************Test case started********************
[97][INFO ] 2022-06-17 23:29:01.463 : TestCase 1 : Test case toValidate pet order creation 
[99][INFO ] 2022-06-17 23:29:01.475 : Response : {"id":10,"petId":198772,"quantity":7,"shipDate":"2022-06-15T07:32:26.094+00:00","status":"approved","complete":true}
[101][INFO ] 2022-06-17 23:29:01.476 : Status Code : 200
[103][INFO ] 2022-06-17 23:29:01.498 : Order created for the pet id : 198772 with quantity : 7
[105][INFO ] 2022-06-17 23:29:01.499 : testCreatePetOrder : PASSED
[107][INFO ] 2022-06-17 23:29:01.501 : ***************************Test case started********************
[109][INFO ] 2022-06-17 23:29:01.502 : TestCase 2 : Test case to validate order creation with placed status 
[111][INFO ] 2022-06-17 23:29:01.524 : Response : {"id":10,"petId":198772,"quantity":7,"shipDate":"2022-06-15T07:32:26.094+00:00","status":"placed","complete":true}
[113][INFO ] 2022-06-17 23:29:01.525 : Status Code : 200
[115][INFO ] 2022-06-17 23:29:01.555 : Order created for the pet id : 198772 with status : placed
[117][INFO ] 2022-06-17 23:29:01.587 : order succesfully created with id : 10 and with status as : placed
[119][INFO ] 2022-06-17 23:29:01.587 : testCreatePlacedPetOrder : PASSED
[121][INFO ] 2022-06-17 23:29:01.588 : ***************************Test case started********************
[123][INFO ] 2022-06-17 23:29:01.590 : TestCase 3 : Test case to validate order creation with delivered status 
[125][INFO ] 2022-06-17 23:29:01.616 : Response : {"id":10,"petId":198772,"quantity":7,"shipDate":"2022-06-15T07:32:26.094+00:00","status":"delivered","complete":true}
[127][INFO ] 2022-06-17 23:29:01.617 : Status Code : 200
[129][INFO ] 2022-06-17 23:29:01.652 : Order created for the pet id : 198772 with status : delivered
[131][INFO ] 2022-06-17 23:29:01.686 : order succesfully created with id : 10 and with status as : delivered
[133][INFO ] 2022-06-17 23:29:01.687 : testCreateDeliveredPetOrder : PASSED
[135][INFO ] 2022-06-17 23:29:01.690 : ***************************Test case started********************
[137][INFO ] 2022-06-17 23:29:01.691 : TestCase 4 : Test case to validate order creation with invalid status 
[139][INFO ] 2022-06-17 23:29:01.705 : Response : {"id":10,"petId":198772,"quantity":7,"shipDate":"2022-06-15T07:32:26.094+00:00","status":"pending","complete":true}
[141][INFO ] 2022-06-17 23:29:01.706 : Status Code : 200
[143][ERROR] 2022-06-17 23:29:01.706 : Failed due to java.lang.AssertionError: expected [true] but found [false]
[145][INFO ] 2022-06-17 23:29:01.709 : testCreateOrderWithInvalidStatus : PASSED
[147][INFO ] 2022-06-17 23:29:01.710 : **************Script Delete existing order (DELETE)  started***********
[149][INFO ] 2022-06-17 23:29:01.711 : Setting up configurations
[151][INFO ] 2022-06-17 23:29:01.712 : ***************************Test case started********************
[153][INFO ] 2022-06-17 23:29:01.712 : TestCase 1 : Test case to validate deleting order from store with valid id 
[155][INFO ] 2022-06-17 23:29:01.749 : Pet created sucesfully with id : 10
[157][INFO ] 2022-06-17 23:29:01.763 : Retrieved order succesfully for the id : 10
[159][INFO ] 2022-06-17 23:29:01.777 : Response : 
[161][INFO ] 2022-06-17 23:29:01.778 : Status Code : 200
[163][INFO ] 2022-06-17 23:29:01.778 : Order deleted succesfully for the id : 10
[165][INFO ] 2022-06-17 23:29:01.787 : Order does not exist for deleted id :  10 says Order not found
[167][INFO ] 2022-06-17 23:29:01.788 : testDeleteOrderByValidId : PASSED
[169][INFO ] 2022-06-17 23:29:01.788 : ***************************Test case started********************
[171][INFO ] 2022-06-17 23:29:01.789 : TestCase 2 : Test case to validate deleting order from store with invalid id 
[173][INFO ] 2022-06-17 23:29:01.807 : Status Code : 200
[175][ERROR] 2022-06-17 23:29:01.807 : Failed due to java.lang.AssertionError: expected [true] but found [false]
[177][INFO ] 2022-06-17 23:29:01.807 : testDeleteOrderByInValidId : PASSED
[179][INFO ] 2022-06-17 23:29:01.808 : **************Script Get existing orders (GET) started***********
[181][INFO ] 2022-06-17 23:29:01.809 : Setting up configurations
[183][INFO ] 2022-06-17 23:29:01.809 : ***************************Test case started********************
[185][INFO ] 2022-06-17 23:29:01.810 : TestCase 1 : Test case to validate get order by invalid id 
[187][INFO ] 2022-06-17 23:29:01.832 : Pet created sucesfully with id : 10
[189][INFO ] 2022-06-17 23:29:01.845 : Response : Order not found
[191][INFO ] 2022-06-17 23:29:01.845 : Status Code : 404
[193][INFO ] 2022-06-17 23:29:01.846 : Order does not exist for the id :  121 says Order not found
[195][INFO ] 2022-06-17 23:29:01.846 : testGetOrderByInvalidId : PASSED
[197][INFO ] 2022-06-17 23:29:01.848 : **************Script Delete a pet (DELETE) started***********
[199][INFO ] 2022-06-17 23:29:01.848 : Setting up configurations
[201][INFO ] 2022-06-17 23:29:01.849 : ***************************Test case started********************
[203][INFO ] 2022-06-17 23:29:01.851 : TestCase 1 : Test case to validate pet deletion by valid id
[205][INFO ] 2022-06-17 23:29:01.888 : Pet delete response : Pet deleted
[207][INFO ] 2022-06-17 23:29:01.896 : Get response for deleted Pet : Pet not found
[209][INFO ] 2022-06-17 23:29:01.897 : testDeletePetByValidId : PASSED
[211][INFO ] 2022-06-17 23:29:01.899 : ***************************Test case started********************
[213][INFO ] 2022-06-17 23:29:01.910 : Pet delete response : Pet deleted
[215][ERROR] 2022-06-17 23:29:01.911 : Failed due to java.lang.AssertionError: expected [true] but found [false]
[217][INFO ] 2022-06-17 23:29:01.911 : testDeletePetByInvalidId : PASSED
[219][INFO ] 2022-06-17 23:29:01.912 : **************Script Find pets by status (GET) started***********
[221][INFO ] 2022-06-17 23:29:01.912 : Setting up configurations
[223][INFO ] 2022-06-17 23:29:01.913 : ***************************Test case started********************
[225][INFO ] 2022-06-17 23:29:01.914 : TestCase 1 : Test case to retrieve valid Pet by available status
[227][INFO ] 2022-06-17 23:29:01.923 : Response : [{"id":1,"category":{"id":2,"name":"Cats"},"name":"Cat 1","photoUrls":["url1","url2"],"tags":[{"id":1,"name":"tag1"},{"id":2,"name":"tag2"}],"status":"available"},{"id":2,"category":{"id":2,"name":"Cats"},"name":"Cat 2","photoUrls":["url1","url2"],"tags":[{"id":1,"name":"tag2"},{"id":2,"name":"tag3"}],"status":"available"},{"id":4,"category":{"id":1,"name":"Dogs"},"name":"Dog 1","photoUrls":["url1","url2"],"tags":[{"id":1,"name":"tag1"},{"id":2,"name":"tag2"}],"status":"available"},{"id":7,"category":{"id":4,"name":"Lions"},"name":"Lion 1","photoUrls":["url1","url2"],"tags":[{"id":1,"name":"tag1"},{"id":2,"name":"tag2"}],"status":"available"},{"id":8,"category":{"id":4,"name":"Lions"},"name":"Lion 2","photoUrls":["url1","url2"],"tags":[{"id":1,"name":"tag2"},{"id":2,"name":"tag3"}],"status":"available"},{"id":9,"category":{"id":4,"name":"Lions"},"name":"Lion 3","photoUrls":["url1","url2"],"tags":[{"id":1,"name":"tag3"},{"id":2,"name":"tag4"}],"status":"available"},{"id":10,"category":{"id":1,"name":"Dogs"},"name":"doggie","photoUrls":["string"],"tags":[{"id":0,"name":"string"}],"status":"available"}]
[229][INFO ] 2022-06-17 23:29:01.923 : Status Code : 200
[231][INFO ] 2022-06-17 23:29:01.966 : Pet status : [available, available, available, available, available, available, available]
[233][INFO ] 2022-06-17 23:29:01.970 : testGetPetByAvailableStatus : PASSED
[235][INFO ] 2022-06-17 23:29:01.972 : ***************************Test case started********************
[237][INFO ] 2022-06-17 23:29:01.972 : TestCase 2 : Test case to retrieve valid Pet by pending status
[239][INFO ] 2022-06-17 23:29:01.980 : Response : [{"id":3,"category":{"id":2,"name":"Cats"},"name":"Cat 3","photoUrls":["url1","url2"],"tags":[{"id":1,"name":"tag3"},{"id":2,"name":"tag4"}],"status":"pending"},{"id":6,"category":{"id":1,"name":"Dogs"},"name":"Dog 3","photoUrls":["url1","url2"],"tags":[{"id":1,"name":"tag3"},{"id":2,"name":"tag4"}],"status":"pending"}]
[241][INFO ] 2022-06-17 23:29:01.980 : Status Code : 200
[243][INFO ] 2022-06-17 23:29:02.011 : Pet status : [pending, pending]
[245][INFO ] 2022-06-17 23:29:02.012 : testValidPetByPendingStatus : PASSED
[247][INFO ] 2022-06-17 23:29:02.013 : ***************************Test case started********************
[249][INFO ] 2022-06-17 23:29:02.014 : TestCase 3: Test case to retrieve valid Pet by sold status
[251][INFO ] 2022-06-17 23:29:02.023 : Response : [{"id":5,"category":{"id":1,"name":"Dogs"},"name":"Dog 2","photoUrls":["url1","url2"],"tags":[{"id":1,"name":"tag2"},{"id":2,"name":"tag3"}],"status":"sold"}]
[253][INFO ] 2022-06-17 23:29:02.024 : Status Code : 200
[255][INFO ] 2022-06-17 23:29:02.052 : Pet status : [sold]
[257][INFO ] 2022-06-17 23:29:02.053 : testValidPetBySoldStatus : PASSED
[259][INFO ] 2022-06-17 23:29:02.054 : ***************************Test case started********************
[261][INFO ] 2022-06-17 23:29:02.055 : TestCase 4 : Test case to validate find pet by invalid status
[263][INFO ] 2022-06-17 23:29:02.063 : Response : {"code":400,"message":"Input error: query parameter `status value `Deleted` is not in the allowable values `[available, pending, sold]`"}
[265][INFO ] 2022-06-17 23:29:02.063 : Status Code : 400
[267][INFO ] 2022-06-17 23:29:02.073 : Inavlid status value : Input error: query parameter `status value `Deleted` is not in the allowable values `[available, pending, sold]`
[269][INFO ] 2022-06-17 23:29:02.074 : testGetPetByInvalidStatus : PASSED
[271][INFO ] 2022-06-17 23:29:02.075 : **************Script Delete existing user (DELETE)  started***********
[273][INFO ] 2022-06-17 23:29:02.076 : Setting up configurations
[275][INFO ] 2022-06-17 23:29:02.116 : User succesfully logged in
[277][INFO ] 2022-06-17 23:29:02.116 : ***************************Test case started********************
[279][INFO ] 2022-06-17 23:29:02.117 : TestCase 1 : Test case to validate  user deletion with valid name
[281][INFO ] 2022-06-17 23:29:02.155 : Succesfully retrieved user details
[283][INFO ] 2022-06-17 23:29:02.162 : Succesfully deleted the user with status code : 200
[285][INFO ] 2022-06-17 23:29:02.163 : User John deleted succesfully with message : 
[287][INFO ] 2022-06-17 23:29:02.163 : testDeleteUserWithValidName : PASSED
[289][INFO ] 2022-06-17 23:29:02.164 : ***************************Test case started********************
[291][INFO ] 2022-06-17 23:29:02.165 : TestCase 2 : Test case to validate user deletion with invalid name
[293][ERROR] 2022-06-17 23:29:02.174 : Failed due to java.lang.AssertionError: expected [true] but found [false]
[295][INFO ] 2022-06-17 23:29:02.175 : testDeleteUserWithInValidName : PASSED
[297][INFO ] 2022-06-17 23:29:02.176 : **************Script  User login-logout (GET) started***********
[299][INFO ] 2022-06-17 23:29:02.176 : Setting up configurations
[301][INFO ] 2022-06-17 23:29:02.177 : ***************************Test case started********************
[303][INFO ] 2022-06-17 23:29:02.177 : TestCase 1 : Test case to Validate user login 
[305][INFO ] 2022-06-17 23:29:02.212 : User succesfully logged in
[307][INFO ] 2022-06-17 23:29:02.213 : Response : Logged in user session: 5376571141967687680
[309][INFO ] 2022-06-17 23:29:02.213 : Status Code : 200
[311][INFO ] 2022-06-17 23:29:02.214 : testUserLogin : PASSED
[313][INFO ] 2022-06-17 23:29:02.214 : ***************************Test case started********************
[315][INFO ] 2022-06-17 23:29:02.215 : TestCase 2 : Test case to Validate error message when only user name is passed
[317][INFO ] 2022-06-17 23:29:02.246 : User succesfully logged in
[319][ERROR] 2022-06-17 23:29:02.246 : Failed due to java.lang.AssertionError: expected [true] but found [false]
[321][INFO ] 2022-06-17 23:29:02.247 : testUserLoginwithOnlyUserName : PASSED
[323][INFO ] 2022-06-17 23:29:02.248 : ***************************Test case started********************
[325][INFO ] 2022-06-17 23:29:02.248 : TestCase 3 : Test case to Validate error message when only password is passed
[327][INFO ] 2022-06-17 23:29:02.287 : User succesfully logged in
[329][ERROR] 2022-06-17 23:29:02.287 : Failed due to java.lang.AssertionError: expected [true] but found [false]
[331][INFO ] 2022-06-17 23:29:02.287 : testUserLoginwithOnlyPassword : PASSED
[333][INFO ] 2022-06-17 23:29:02.288 : ***************************Test case started********************
[335][INFO ] 2022-06-17 23:29:02.288 : TestCase 4 : Test case to Validate succesfull logout
[337][INFO ] 2022-06-17 23:29:02.294 : User succesfully logged out
[339][INFO ] 2022-06-17 23:29:02.294 : Response : User logged out
[341][INFO ] 2022-06-17 23:29:02.294 : Status Code : 200
[343][INFO ] 2022-06-17 23:29:02.295 : testUserLogout : PASSED
[345][INFO ] 2022-06-17 23:29:02.295 : **************Script Update existing user (PUT) started***********
[347][INFO ] 2022-06-17 23:29:02.296 : Setting up configurations
[349][INFO ] 2022-06-17 23:29:02.339 : User succesfully logged in
[351][INFO ] 2022-06-17 23:29:02.339 : ***************************Test case started********************
[353][INFO ] 2022-06-17 23:29:02.340 : TestCase 1 : Test case to validate update user with valid name
[355][INFO ] 2022-06-17 23:29:02.440 : Get user response : {"id":22,"username":"John","firstName":"Tom","lastName":"bel","email":"tom@gmail.com","password":"test1","phone":"123456789","userStatus":1}
[357][INFO ] 2022-06-17 23:29:02.477 : Get user response : {"id":22,"username":"John","firstName":"Tom","lastName":"bel","email":"tom@gmail.com","password":"test1","phone":"123456789","userStatus":1}
[359][INFO ] 2022-06-17 23:29:02.492 : Succesfully retrieved user details
[361][INFO ] 2022-06-17 23:29:02.493 : testUpdateUserWithValidName : PASSED
[363][INFO ] 2022-06-17 23:29:02.493 : ***************************Test case started********************
[365][INFO ] 2022-06-17 23:29:02.493 : TestCase 2 : Test case to valdiate update user with invalid user name
[367][INFO ] 2022-06-17 23:29:02.502 : response : User not found
[369][INFO ] 2022-06-17 23:29:02.502 : testUpdateUserWIthInvalidUserName : PASSED
[371][INFO ] 2022-06-17 23:29:02.504 : **************Script Create new user (POST) started***********
[373][INFO ] 2022-06-17 23:29:02.510 : Setting up configurations
[375][INFO ] 2022-06-17 23:29:02.542 : User succesfully logged in
[377][INFO ] 2022-06-17 23:29:02.542 : ***************************Test case started********************
[379][INFO ] 2022-06-17 23:29:02.543 : TestCase 1 : Test case to validate single user creation
[381][INFO ] 2022-06-17 23:29:02.550 : Created user response : {"id":10,"username":"John","firstName":"John","lastName":"James","email":"john@email.com","password":"12345","phone":"12345","userStatus":1}
[383][INFO ] 2022-06-17 23:29:02.551 : User succesfully created with status code : 200
[385][INFO ] 2022-06-17 23:29:02.551 : Created user response : {"id":10,"username":"John","firstName":"John","lastName":"James","email":"john@email.com","password":"12345","phone":"12345","userStatus":1}
[387][INFO ] 2022-06-17 23:29:02.563 : username : John
[389][INFO ] 2022-06-17 23:29:02.582 : Get user response : {"id":10,"username":"John","firstName":"John","lastName":"James","email":"john@email.com","password":"12345","phone":"12345","userStatus":1}
[391][INFO ] 2022-06-17 23:29:02.582 : Succesfully retrieved user details
[393][INFO ] 2022-06-17 23:29:02.583 : testSingleUserCreation : PASSED
[395][INFO ] 2022-06-17 23:29:02.584 : ***************************Test case started********************
[397][INFO ] 2022-06-17 23:29:02.584 : TestCase 2 : Test case to validate multiple user creation
[399][INFO ] 2022-06-17 23:29:02.631 : Created list of users  : [{"id":10,"username":"John","firstName":"John","lastName":"James","email":"john@email.com","password":"12345","phone":"12345","userStatus":1},{"id":10,"username":"John","firstName":"John","lastName":"James","email":"john@email.com","password":"12345","phone":"12345","userStatus":1}]
[401][INFO ] 2022-06-17 23:29:02.632 : User succesfully created with status code : 200
[403][INFO ] 2022-06-17 23:29:02.632 : testMultipleUserCreation : PASSED
[405][INFO ] 2022-06-17 23:29:02.634 : **************Script Find pets by tags (GET) started***********
[407][INFO ] 2022-06-17 23:29:02.634 : Setting up configurations
[409][INFO ] 2022-06-17 23:29:02.635 : ***************************Test case started********************
[411][INFO ] 2022-06-17 23:29:02.638 : TestCase 1 : Test case to retrieve valid Pet by tags
[413][INFO ] 2022-06-17 23:29:02.702 : Status Code : 200
[415][INFO ] 2022-06-17 23:29:02.711 : Pet tags : [[own]]
[417][INFO ] 2022-06-17 23:29:02.722 : Expected filered tags pet are displaying : [{"id":111,"category":{"id":1,"name":"Dogs"},"name":"Beagal","photoUrls":["url1"],"tags":[{"id":111,"name":"own"}],"status":"available"}]
[419][INFO ] 2022-06-17 23:29:02.723 : testGetPetByValidTag : PASSED
[421][INFO ] 2022-06-17 23:29:02.724 : ***************************Test case started********************
[423][INFO ] 2022-06-17 23:29:02.725 : TestCase 2 : Test case to retrieve pet by invalid tags
[425][INFO ] 2022-06-17 23:29:02.779 : Status Code : 200
[427][INFO ] 2022-06-17 23:29:02.782 : There is no pet available for the tag : true
[429][INFO ] 2022-06-17 23:29:02.783 : Expected empty tag array is displaying : []
[431][INFO ] 2022-06-17 23:29:02.783 : tesGetPetByInvalidTags : PASSED
[433][INFO ] 2022-06-17 23:29:02.784 : **************Script Update existing pet (PUT) started***********
[435][INFO ] 2022-06-17 23:29:02.784 : Setting up configurations
[437][INFO ] 2022-06-17 23:29:02.785 : ***************************Test case started********************
[439][INFO ] 2022-06-17 23:29:02.785 : TestCase 1 : Test case to validate pet updation by Id 
[441][INFO ] 2022-06-17 23:29:02.823 : Response : {"id":111,"category":{"id":1,"name":"Dogs"},"name":"Lab","photoUrls":["url1"],"tags":[{"id":1,"name":"tag1"}],"status":"available"}
[443][INFO ] 2022-06-17 23:29:02.823 : Status Code : 200
[445][INFO ] 2022-06-17 23:29:02.873 : Old name ---> Beagal and updated name-->: Lab : Pet updated succesfully for the ID : 111
[447][INFO ] 2022-06-17 23:29:02.873 : testUpdatePetById : PASSED
[449][INFO ] 2022-06-17 23:29:02.874 : ***************************Test case started********************
[451][INFO ] 2022-06-17 23:29:02.874 : TestCase 2 : Test case to validate unsuccesful Pet updation by invalid id
[453][INFO ] 2022-06-17 23:29:02.898 : Response : Pet not found
[455][INFO ] 2022-06-17 23:29:02.898 : Status Code : 404
[457][INFO ] 2022-06-17 23:29:02.912 : Old name ---> Beagal and updated name-->: Beagal : Pet not updated as invalid ID Passed: 
[459][INFO ] 2022-06-17 23:29:02.913 : testUpdatePetByInvaidId : PASSED
[461][INFO ] 2022-06-17 23:29:02.914 : **************Script Upload pet image (POST) started***********
[463][INFO ] 2022-06-17 23:29:02.916 : Setting up configurations
[465][INFO ] 2022-06-17 23:29:02.916 : ***************************Test case started********************
[467][INFO ] 2022-06-17 23:29:02.917 : TestCase 1 : Test case to validate pet image uploading
[469][INFO ] 2022-06-17 23:29:02.978 : 415 : Bad Request status code
[471][INFO ] 2022-06-17 23:29:02.985 : HTTP 415 Unsupported Media Type : Invalid Value
[473][ERROR] 2022-06-17 23:29:02.985 : Failed due to java.lang.AssertionError: expected [true] but found [false]
[475][INFO ] 2022-06-17 23:29:02.985 : testUploadingPetImage : PASSED
[477][INFO ] 2022-06-17 23:29:03.197 : ***********************************Test execution ended************************************

[479][INFO ] 2022-06-17 23:29:03.258 : Total Class        : 14
[481][INFO ] 2022-06-17 23:29:03.258 : Start Time         : Fri Jun 17 23:28:58 IST 2022
[483][INFO ] 2022-06-17 23:29:03.258 : Passed tests count : 35.0
[485][INFO ] 2022-06-17 23:29:03.259 : Failed tests count : 0.0
[487][INFO ] 2022-06-17 23:29:03.259 : Skipped tests count: 0
[489][INFO ] 2022-06-17 23:29:03.259 : Pass percentage    : 100.0%
[491][INFO ] 2022-06-17 23:29:03.259 : Fail percentage    : 0.0%
[493][INFO ] 2022-06-17 23:29:03.259 : End Time           : Fri Jun 17 23:29:02 IST 2022
